Cadence Genus(TM) Synthesis Solution.
Copyright 2019 Cadence Design Systems, Inc. All rights reserved worldwide.
Cadence and the Cadence logo are registered trademarks and Genus is a trademark
of Cadence Design Systems, Inc. in the United States and other countries.

Version: 19.12-s121_1, built Tue Dec 03 15:07:17 PST 2019
Options: 
Date:    Tue Apr 18 21:08:54 2023
Host:    auto.ece.pdx.edu (x86_64 w/Linux 3.10.0-1160.88.1.el7.x86_64) (1core*60cpus*60physical cpus*Intel Xeon E312xx (Sandy Bridge, IBRS update) 16384KB) (87473212KB)
PID:     34370
OS:      CentOS Linux release 7.9.2009 (Core)

Checking out license: Genus_Synthesis

Loading tool scripts...

Finished loading tool scripts (9 seconds elapsed).

WARNING: This version of the tool is 1232 days old.
@genus:root: 1> 
@genus:root: 1> 
@genus:root: 1> o
ambiguous command name "o": open optimize_iso_ls
@genus:root: 2> o
ambiguous command name "o": open optimize_iso_ls
@genus:root: 3> 
@genus:root: 3> 
@genus:root: 3> set top_design ORAC_TOP
ORAC_TOP
@genus:root: 4> 
@genus:root: 4> 
@genus:root: 4> 
@genus:root: 4> exit
Normal exit.